<?xml version="1.0" encoding="UTF-8"?>
<!-- Generated by org.testng.reporters.JUnitReportReporter -->
<testsuite hostname="DESKTOP-ETV6F6R" failures="0" tests="2" name="testComponents.ErrorHandling" time="45.756" errors="0" timestamp="2024-05-31T05:10:22 GMT-07:00" skipped="0">
  <testcase classname="testComponents.ErrorHandling" name="productCartErrorHandling" time="32.541"/>
  <system-out/>
  <testcase classname="testComponents.ErrorHandling" name="loginErrorHandling" time="13.215"/>
  <system-out/>
</testsuite> <!-- testComponents.ErrorHandling -->
