<?xml version="1.0" encoding="UTF-8"?>
<!-- Generated by org.testng.reporters.JUnitReportReporter -->
<testsuite hostname="DESKTOP-ETV6F6R" failures="0" tests="2" name="testComponents.standalonenewdatadriven" time="74.026" errors="0" timestamp="2024-05-30T01:06:55 GMT-07:00" skipped="0">
  <testcase classname="testComponents.standalonenewdatadriven" name="endToEnd" time="42.608"/>
  <system-out/>
  <testcase classname="testComponents.standalonenewdatadriven" name="endToEnd" time="31.418"/>
  <system-out/>
</testsuite> <!-- testComponents.standalonenewdatadriven -->
