<?xml version="1.0" encoding="UTF-8"?>
<!-- Generated by org.testng.reporters.JUnitReportReporter -->
<testsuite hostname="DESKTOP-ETV6F6R" failures="0" tests="2" name="testComponents.standalone5" time="71.142" errors="0" timestamp="2024-05-31T05:10:22 GMT-07:00" skipped="0">
  <testcase classname="testComponents.standalone5" name="endToEnd" time="51.896"/>
  <system-out/>
  <testcase classname="testComponents.standalone5" name="checkOrderHistory" time="19.246"/>
  <system-out/>
</testsuite> <!-- testComponents.standalone5 -->
