<?xml version="1.0" encoding="UTF-8"?>
<!-- Generated by org.testng.reporters.JUnitReportReporter -->
<testsuite hostname="DESKTOP-ETV6F6R" failures="0" tests="7" name="CucumberTestRunner.demo1TestngRunner" time="2.457" errors="0" timestamp="2024-06-11T23:00:20 GMT-07:00" skipped="0">
  <testcase classname="CucumberTestRunner.demo1TestngRunner" name="runScenario" time="0.211"/>
  <system-out/>
  <testcase classname="CucumberTestRunner.demo1TestngRunner" name="runScenario" time="0.419"/>
  <system-out/>
  <testcase classname="CucumberTestRunner.demo1TestngRunner" name="runScenario" time="0.182"/>
  <system-out/>
  <testcase classname="CucumberTestRunner.demo1TestngRunner" name="runScenario" time="0.214"/>
  <system-out/>
  <testcase classname="CucumberTestRunner.demo1TestngRunner" name="runScenario" time="0.217"/>
  <system-out/>
  <testcase classname="CucumberTestRunner.demo1TestngRunner" name="runScenario" time="0.245"/>
  <system-out/>
  <testcase classname="CucumberTestRunner.demo1TestngRunner" name="runScenario" time="0.969"/>
  <system-out/>
</testsuite> <!-- CucumberTestRunner.demo1TestngRunner -->
