<?xml version="1.0" encoding="UTF-8"?>
<!-- Generated by org.testng.reporters.JUnitReportReporter -->
<testsuite hostname="DESKTOP-ETV6F6R" failures="0" tests="2" name="testComponents.standalone5" time="266.954" errors="0" timestamp="2024-05-31T06:05:37 GMT-07:00" skipped="0">
  <testcase classname="testComponents.standalone5" name="endToEnd" time="54.670"/>
  <system-out/>
  <testcase classname="testComponents.standalone5" name="checkOrderHistory" time="212.284"/>
  <system-out/>
</testsuite> <!-- testComponents.standalone5 -->
